  Lista 7.cpp
c:\users\nucap n7\desktop\nova pasta\computacao-grafica\lista 7.cpp(29): warning C4018: '<=': signed/unsigned mismatch
c:\users\nucap n7\desktop\nova pasta\computacao-grafica\lista 7.cpp(116): warning C4477: 'printf' : format string '%f' requires an argument of type 'double', but variadic argument 1 has type 'std::vector<float,std::allocator<_Ty>>'
          with
          [
              _Ty=float
          ]
c:\users\nucap n7\desktop\nova pasta\computacao-grafica\lista 7.cpp(116): warning C4477: 'printf' : format string '%f' requires an argument of type 'double', but variadic argument 2 has type 'std::vector<float,std::allocator<_Ty>>'
          with
          [
              _Ty=float
          ]
  Lista 6.cpp
  Lista 5.cpp
  Lista 4.2.cpp
  Lista 4.1.cpp
  Generating Code...
Lista 7.obj : error LNK2005: "void __cdecl redesenha(void)" (?redesenha@@YAXXZ) already defined in Lista 5.obj
Lista 7.obj : error LNK2005: "void __cdecl teclado(unsigned char,int,int)" (?teclado@@YAXEHH@Z) already defined in Lista 5.obj
Lista 7.obj : error LNK2005: _main already defined in Lista 5.obj
C:\Users\Nucap N7\Desktop\Nova pasta\Computacao-Grafica\Debug\Computacao-Grafica.exe : fatal error LNK1169: one or more multiply defined symbols found
